# JRE version: OpenJDK Runtime Environment (8.0_242-b08) (build 1.8.0_242-b08)
# Java VM: OpenJDK 64-Bit Server VM (25.242-b08 mixed mode bsd-amd64 compressed oops)
Heap:
 PSYoungGen      total 886272K, used 377008K [0x00000006eab00000, 0x0000000735400000, 0x00000007c0000000)
  eden space 825856K, 45% used [0x00000006eab00000,0x0000000701b2c2b0,0x000000071d180000)
  from space 60416K, 0% used [0x000000071d180000,0x000000071d180000,0x0000000720c80000)
  to   space 65024K, 0% used [0x0000000731480000,0x0000000731480000,0x0000000735400000)
 ParOldGen       total 287744K, used 103418K [0x0000000540000000, 0x0000000551900000, 0x00000006eab00000)
  object space 287744K, 35% used [0x0000000540000000,0x00000005464fe9f0,0x0000000551900000)
 Metaspace       used 38822K, capacity 39570K, committed 39976K, reserved 1083392K
  class space    used 5196K, capacity 5406K, committed 5424K, reserved 1048576K
GC Heap History (10 events):
Event: 6.866 GC heap before
{Heap before GC invocations=7 (full 1):
 PSYoungGen      total 586240K, used 12326K [0x00000006eab00000, 0x0000000712400000, 0x00000007c0000000)
  eden space 524288K, 0% used [0x00000006eab00000,0x00000006eab00000,0x000000070ab00000)
  from space 61952K, 19% used [0x000000070e780000,0x000000070f389a50,0x0000000712400000)
  to   space 61952K, 0% used [0x000000070ab00000,0x000000070ab00000,0x000000070e780000)
 ParOldGen       total 175104K, used 106731K [0x0000000540000000, 0x000000054ab00000, 0x00000006eab00000)
  object space 175104K, 60% used [0x0000000540000000,0x000000054683af18,0x000000054ab00000)
 Metaspace       used 20868K, capacity 21138K, committed 21296K, reserved 1069056K
  class space    used 2465K, capacity 2570K, committed 2608K, reserved 1048576K
Event: 7.025 GC heap after
Heap after GC invocations=7 (full 1):
 PSYoungGen      total 586240K, used 0K [0x00000006eab00000, 0x0000000712400000, 0x00000007c0000000)
  eden space 524288K, 0% used [0x00000006eab00000,0x00000006eab00000,0x000000070ab00000)
  from space 61952K, 0% used [0x000000070e780000,0x000000070e780000,0x0000000712400000)
  to   space 61952K, 0% used [0x000000070ab00000,0x000000070ab00000,0x000000070e780000)
 ParOldGen       total 196096K, used 56981K [0x0000000540000000, 0x000000054bf80000, 0x00000006eab00000)
  object space 196096K, 29% used [0x0000000540000000,0x00000005437a5530,0x000000054bf80000)
 Metaspace       used 20868K, capacity 21138K, committed 21296K, reserved 1069056K
  class space    used 2465K, capacity 2570K, committed 2608K, reserved 1048576K
}
Event: 9.683 GC heap before
{Heap before GC invocations=8 (full 1):
 PSYoungGen      total 586240K, used 524288K [0x00000006eab00000, 0x0000000712400000, 0x00000007c0000000)
  eden space 524288K, 100% used [0x00000006eab00000,0x000000070ab00000,0x000000070ab00000)
  from space 61952K, 0% used [0x000000070e780000,0x000000070e780000,0x0000000712400000)
  to   space 61952K, 0% used [0x000000070ab00000,0x000000070ab00000,0x000000070e780000)
 ParOldGen       total 196096K, used 56981K [0x0000000540000000, 0x000000054bf80000, 0x00000006eab00000)
  object space 196096K, 29% used [0x0000000540000000,0x00000005437a5530,0x000000054bf80000)
 Metaspace       used 24203K, capacity 24832K, committed 25008K, reserved 1071104K
  class space    used 2979K, capacity 3123K, committed 3248K, reserved 1048576K
Event: 9.711 GC heap after
Heap after GC invocations=8 (full 1):
 PSYoungGen      total 586240K, used 18027K [0x00000006eab00000, 0x0000000725c80000, 0x00000007c0000000)
  eden space 524288K, 0% used [0x00000006eab00000,0x00000006eab00000,0x000000070ab00000)
  from space 61952K, 29% used [0x000000070ab00000,0x000000070bc9afa0,0x000000070e780000)
  to   space 59904K, 0% used [0x0000000722200000,0x0000000722200000,0x0000000725c80000)
 ParOldGen       total 196096K, used 56989K [0x0000000540000000, 0x000000054bf80000, 0x00000006eab00000)
  object space 196096K, 29% used [0x0000000540000000,0x00000005437a7530,0x000000054bf80000)
 Metaspace       used 24203K, capacity 24832K, committed 25008K, reserved 1071104K
  class space    used 2979K, capacity 3123K, committed 3248K, reserved 1048576K
}
Event: 12.437 GC heap before
{Heap before GC invocations=9 (full 1):
 PSYoungGen      total 586240K, used 542315K [0x00000006eab00000, 0x0000000725c80000, 0x00000007c0000000)
  eden space 524288K, 100% used [0x00000006eab00000,0x000000070ab00000,0x000000070ab00000)
  from space 61952K, 29% used [0x000000070ab00000,0x000000070bc9afa0,0x000000070e780000)
  to   space 59904K, 0% used [0x0000000722200000,0x0000000722200000,0x0000000725c80000)
 ParOldGen       total 196096K, used 56989K [0x0000000540000000, 0x000000054bf80000, 0x00000006eab00000)
  object space 196096K, 29% used [0x0000000540000000,0x00000005437a7530,0x000000054bf80000)
 Metaspace       used 28494K, capacity 29094K, committed 29360K, reserved 1075200K
  class space    used 3470K, capacity 3642K, committed 3760K, reserved 1048576K
Event: 12.469 GC heap after
Heap after GC invocations=9 (full 1):
 PSYoungGen      total 863232K, used 37937K [0x00000006eab00000, 0x0000000724780000, 0x00000007c0000000)
  eden space 824832K, 0% used [0x00000006eab00000,0x00000006eab00000,0x000000071d080000)
  from space 38400K, 98% used [0x0000000722200000,0x000000072470c7a8,0x0000000724780000)
  to   space 60416K, 0% used [0x000000071d180000,0x000000071d180000,0x0000000720c80000)
 ParOldGen       total 196096K, used 56997K [0x0000000540000000, 0x000000054bf80000, 0x00000006eab00000)
  object space 196096K, 29% used [0x0000000540000000,0x00000005437a9530,0x000000054bf80000)
 Metaspace       used 28494K, capacity 29094K, committed 29360K, reserved 1075200K
  class space    used 3470K, capacity 3642K, committed 3760K, reserved 1048576K
}
Event: 16.375 GC heap before
{Heap before GC invocations=10 (full 1):
 PSYoungGen      total 863232K, used 838544K [0x00000006eab00000, 0x0000000724780000, 0x00000007c0000000)
  eden space 824832K, 97% used [0x00000006eab00000,0x000000071b8d7938,0x000000071d080000)
  from space 38400K, 98% used [0x0000000722200000,0x000000072470c7a8,0x0000000724780000)
  to   space 60416K, 0% used [0x000000071d180000,0x000000071d180000,0x0000000720c80000)
 ParOldGen       total 196096K, used 56997K [0x0000000540000000, 0x000000054bf80000, 0x00000006eab00000)
  object space 196096K, 29% used [0x0000000540000000,0x00000005437a9530,0x000000054bf80000)
 Metaspace       used 34683K, capacity 35346K, committed 35496K, reserved 1079296K
  class space    used 4617K, capacity 4766K, committed 4784K, reserved 1048576K
Event: 16.433 GC heap after
Heap after GC invocations=10 (full 1):
 PSYoungGen      total 886272K, used 47961K [0x00000006eab00000, 0x0000000735400000, 0x00000007c0000000)
  eden space 825856K, 0% used [0x00000006eab00000,0x00000006eab00000,0x000000071d180000)
  from space 60416K, 79% used [0x000000071d180000,0x00000007200566e0,0x0000000720c80000)
  to   space 65024K, 0% used [0x0000000731480000,0x0000000731480000,0x0000000735400000)
 ParOldGen       total 196096K, used 57005K [0x0000000540000000, 0x000000054bf80000, 0x00000006eab00000)
  object space 196096K, 29% used [0x0000000540000000,0x00000005437ab530,0x000000054bf80000)
 Metaspace       used 34683K, capacity 35346K, committed 35496K, reserved 1079296K
  class space    used 4617K, capacity 4766K, committed 4784K, reserved 1048576K
}
Event: 16.433 GC heap before
{Heap before GC invocations=11 (full 2):
 PSYoungGen      total 886272K, used 47961K [0x00000006eab00000, 0x0000000735400000, 0x00000007c0000000)
  eden space 825856K, 0% used [0x00000006eab00000,0x00000006eab00000,0x000000071d180000)
  from space 60416K, 79% used [0x000000071d180000,0x00000007200566e0,0x0000000720c80000)
  to   space 65024K, 0% used [0x0000000731480000,0x0000000731480000,0x0000000735400000)
 ParOldGen       total 196096K, used 57005K [0x0000000540000000, 0x000000054bf80000, 0x00000006eab00000)
  object space 196096K, 29% used [0x0000000540000000,0x00000005437ab530,0x000000054bf80000)
 Metaspace       used 34683K, capacity 35346K, committed 35496K, reserved 1079296K
  class space    used 4617K, capacity 4766K, committed 4784K, reserved 1048576K
Event: 16.856 GC heap after
Heap after GC invocations=11 (full 2):
 PSYoungGen      total 886272K, used 0K [0x00000006eab00000, 0x0000000735400000, 0x00000007c0000000)
  eden space 825856K, 0% used [0x00000006eab00000,0x00000006eab00000,0x000000071d180000)
  from space 60416K, 0% used [0x000000071d180000,0x000000071d180000,0x0000000720c80000)
  to   space 65024K, 0% used [0x0000000731480000,0x0000000731480000,0x0000000735400000)
 ParOldGen       total 287744K, used 103418K [0x0000000540000000, 0x0000000551900000, 0x00000006eab00000)
  object space 287744K, 35% used [0x0000000540000000,0x00000005464fe9f0,0x0000000551900000)
 Metaspace       used 34683K, capacity 35346K, committed 35496K, reserved 1079296K
  class space    used 4617K, capacity 4766K, committed 4784K, reserved 1048576K
}

