# JRE version: OpenJDK Runtime Environment (8.0_242-b08) (build 1.8.0_242-b08)
# Java VM: OpenJDK 64-Bit Server VM (25.242-b08 mixed mode bsd-amd64 compressed oops)
Heap:
 PSYoungGen      total 818688K, used 384381K [0x00000006eab00000, 0x0000000720b00000, 0x00000007c0000000)
  eden space 771584K, 49% used [0x00000006eab00000,0x000000070225f768,0x0000000719c80000)
  from space 47104K, 0% used [0x000000071cc00000,0x000000071cc00000,0x000000071fa00000)
  to   space 48640K, 0% used [0x0000000719c80000,0x0000000719c80000,0x000000071cc00000)
 ParOldGen       total 264704K, used 101862K [0x0000000540000000, 0x0000000550280000, 0x00000006eab00000)
  object space 264704K, 38% used [0x0000000540000000,0x00000005463799b0,0x0000000550280000)
 Metaspace       used 38913K, capacity 39630K, committed 39976K, reserved 1083392K
  class space    used 5213K, capacity 5406K, committed 5424K, reserved 1048576K
GC Heap History (10 events):
Event: 8.006 GC heap before
{Heap before GC invocations=10 (full 1):
 PSYoungGen      total 439808K, used 439788K [0x00000006eab00000, 0x000000070e200000, 0x00000007c0000000)
  eden space 424960K, 100% used [0x00000006eab00000,0x0000000704a00000,0x0000000704a00000)
  from space 14848K, 99% used [0x000000070d380000,0x000000070e1fb068,0x000000070e200000)
  to   space 49664K, 0% used [0x0000000708100000,0x0000000708100000,0x000000070b180000)
 ParOldGen       total 177664K, used 60084K [0x0000000540000000, 0x000000054ad80000, 0x00000006eab00000)
  object space 177664K, 33% used [0x0000000540000000,0x0000000543aad268,0x000000054ad80000)
 Metaspace       used 25386K, capacity 25916K, committed 26160K, reserved 1073152K
  class space    used 3099K, capacity 3251K, committed 3376K, reserved 1048576K
Event: 8.026 GC heap after
Heap after GC invocations=10 (full 1):
 PSYoungGen      total 530944K, used 21285K [0x00000006eab00000, 0x0000000714080000, 0x00000007c0000000)
  eden space 481280K, 0% used [0x00000006eab00000,0x00000006eab00000,0x0000000708100000)
  from space 49664K, 42% used [0x0000000708100000,0x00000007095c97e0,0x000000070b180000)
  to   space 48128K, 0% used [0x0000000711180000,0x0000000711180000,0x0000000714080000)
 ParOldGen       total 177664K, used 60092K [0x0000000540000000, 0x000000054ad80000, 0x00000006eab00000)
  object space 177664K, 33% used [0x0000000540000000,0x0000000543aaf268,0x000000054ad80000)
 Metaspace       used 25386K, capacity 25916K, committed 26160K, reserved 1073152K
  class space    used 3099K, capacity 3251K, committed 3376K, reserved 1048576K
}
Event: 9.894 GC heap before
{Heap before GC invocations=11 (full 1):
 PSYoungGen      total 530944K, used 502565K [0x00000006eab00000, 0x0000000714080000, 0x00000007c0000000)
  eden space 481280K, 100% used [0x00000006eab00000,0x0000000708100000,0x0000000708100000)
  from space 49664K, 42% used [0x0000000708100000,0x00000007095c97e0,0x000000070b180000)
  to   space 48128K, 0% used [0x0000000711180000,0x0000000711180000,0x0000000714080000)
 ParOldGen       total 177664K, used 60092K [0x0000000540000000, 0x000000054ad80000, 0x00000006eab00000)
  object space 177664K, 33% used [0x0000000540000000,0x0000000543aaf268,0x000000054ad80000)
 Metaspace       used 29019K, capacity 29570K, committed 29872K, reserved 1075200K
  class space    used 3528K, capacity 3674K, committed 3760K, reserved 1048576K
Event: 9.924 GC heap after
Heap after GC invocations=11 (full 1):
 PSYoungGen      total 630272K, used 28788K [0x00000006eab00000, 0x0000000718080000, 0x00000007c0000000)
  eden space 582144K, 0% used [0x00000006eab00000,0x00000006eab00000,0x000000070e380000)
  from space 48128K, 59% used [0x0000000711180000,0x0000000712d9d350,0x0000000714080000)
  to   space 47104K, 0% used [0x000000070e380000,0x000000070e380000,0x0000000711180000)
 ParOldGen       total 177664K, used 70024K [0x0000000540000000, 0x000000054ad80000, 0x00000006eab00000)
  object space 177664K, 39% used [0x0000000540000000,0x0000000544462270,0x000000054ad80000)
 Metaspace       used 29019K, capacity 29570K, committed 29872K, reserved 1075200K
  class space    used 3528K, capacity 3674K, committed 3760K, reserved 1048576K
}
Event: 11.479 GC heap before
{Heap before GC invocations=12 (full 1):
 PSYoungGen      total 630272K, used 610932K [0x00000006eab00000, 0x0000000718080000, 0x00000007c0000000)
  eden space 582144K, 100% used [0x00000006eab00000,0x000000070e380000,0x000000070e380000)
  from space 48128K, 59% used [0x0000000711180000,0x0000000712d9d350,0x0000000714080000)
  to   space 47104K, 0% used [0x000000070e380000,0x000000070e380000,0x0000000711180000)
 ParOldGen       total 177664K, used 70024K [0x0000000540000000, 0x000000054ad80000, 0x00000006eab00000)
  object space 177664K, 39% used [0x0000000540000000,0x0000000544462270,0x000000054ad80000)
 Metaspace       used 33682K, capacity 34318K, committed 34608K, reserved 1079296K
  class space    used 4421K, capacity 4574K, committed 4656K, reserved 1048576K
Event: 11.501 GC heap after
Heap after GC invocations=12 (full 1):
 PSYoungGen      total 629248K, used 11307K [0x00000006eab00000, 0x000000071fa00000, 0x00000007c0000000)
  eden space 582144K, 0% used [0x00000006eab00000,0x00000006eab00000,0x000000070e380000)
  from space 47104K, 24% used [0x000000070e380000,0x000000070ee8af48,0x0000000711180000)
  to   space 47104K, 0% used [0x000000071cc00000,0x000000071cc00000,0x000000071fa00000)
 ParOldGen       total 177664K, used 95179K [0x0000000540000000, 0x000000054ad80000, 0x00000006eab00000)
  object space 177664K, 53% used [0x0000000540000000,0x0000000545cf2fb0,0x000000054ad80000)
 Metaspace       used 33682K, capacity 34318K, committed 34608K, reserved 1079296K
  class space    used 4421K, capacity 4574K, committed 4656K, reserved 1048576K
}
Event: 11.705 GC heap before
{Heap before GC invocations=13 (full 1):
 PSYoungGen      total 629248K, used 103435K [0x00000006eab00000, 0x000000071fa00000, 0x00000007c0000000)
  eden space 582144K, 15% used [0x00000006eab00000,0x00000006f04f7e90,0x000000070e380000)
  from space 47104K, 24% used [0x000000070e380000,0x000000070ee8af48,0x0000000711180000)
  to   space 47104K, 0% used [0x000000071cc00000,0x000000071cc00000,0x000000071fa00000)
 ParOldGen       total 177664K, used 95179K [0x0000000540000000, 0x000000054ad80000, 0x00000006eab00000)
  object space 177664K, 53% used [0x0000000540000000,0x0000000545cf2fb0,0x000000054ad80000)
 Metaspace       used 34675K, capacity 35342K, committed 35496K, reserved 1079296K
  class space    used 4617K, capacity 4766K, committed 4784K, reserved 1048576K
Event: 11.714 GC heap after
Heap after GC invocations=13 (full 1):
 PSYoungGen      total 818688K, used 2387K [0x00000006eab00000, 0x0000000720b00000, 0x00000007c0000000)
  eden space 771584K, 0% used [0x00000006eab00000,0x00000006eab00000,0x0000000719c80000)
  from space 47104K, 5% used [0x000000071cc00000,0x000000071ce54cd0,0x000000071fa00000)
  to   space 48640K, 0% used [0x0000000719c80000,0x0000000719c80000,0x000000071cc00000)
 ParOldGen       total 177664K, used 104821K [0x0000000540000000, 0x000000054ad80000, 0x00000006eab00000)
  object space 177664K, 59% used [0x0000000540000000,0x000000054665d7e8,0x000000054ad80000)
 Metaspace       used 34675K, capacity 35342K, committed 35496K, reserved 1079296K
  class space    used 4617K, capacity 4766K, committed 4784K, reserved 1048576K
}
Event: 11.714 GC heap before
{Heap before GC invocations=14 (full 2):
 PSYoungGen      total 818688K, used 2387K [0x00000006eab00000, 0x0000000720b00000, 0x00000007c0000000)
  eden space 771584K, 0% used [0x00000006eab00000,0x00000006eab00000,0x0000000719c80000)
  from space 47104K, 5% used [0x000000071cc00000,0x000000071ce54cd0,0x000000071fa00000)
  to   space 48640K, 0% used [0x0000000719c80000,0x0000000719c80000,0x000000071cc00000)
 ParOldGen       total 177664K, used 104821K [0x0000000540000000, 0x000000054ad80000, 0x00000006eab00000)
  object space 177664K, 59% used [0x0000000540000000,0x000000054665d7e8,0x000000054ad80000)
 Metaspace       used 34675K, capacity 35342K, committed 35496K, reserved 1079296K
  class space    used 4617K, capacity 4766K, committed 4784K, reserved 1048576K
Event: 12.013 GC heap after
Heap after GC invocations=14 (full 2):
 PSYoungGen      total 818688K, used 0K [0x00000006eab00000, 0x0000000720b00000, 0x00000007c0000000)
  eden space 771584K, 0% used [0x00000006eab00000,0x00000006eab00000,0x0000000719c80000)
  from space 47104K, 0% used [0x000000071cc00000,0x000000071cc00000,0x000000071fa00000)
  to   space 48640K, 0% used [0x0000000719c80000,0x0000000719c80000,0x000000071cc00000)
 ParOldGen       total 264704K, used 101862K [0x0000000540000000, 0x0000000550280000, 0x00000006eab00000)
  object space 264704K, 38% used [0x0000000540000000,0x00000005463799b0,0x0000000550280000)
 Metaspace       used 34675K, capacity 35342K, committed 35496K, reserved 1079296K
  class space    used 4617K, capacity 4766K, committed 4784K, reserved 1048576K
}

