# JRE version: OpenJDK Runtime Environment (8.0_242-b08) (build 1.8.0_242-b08)
# Java VM: OpenJDK 64-Bit Server VM (25.242-b08 mixed mode bsd-amd64 compressed oops)
Heap:
 PSYoungGen      total 744960K, used 377160K [0x00000006eab00000, 0x000000071c400000, 0x00000007c0000000)
  eden space 697856K, 54% used [0x00000006eab00000,0x0000000701b520d8,0x0000000715480000)
  from space 47104K, 0% used [0x0000000718280000,0x0000000718280000,0x000000071b080000)
  to   space 47104K, 0% used [0x0000000715480000,0x0000000715480000,0x0000000718280000)
 ParOldGen       total 267264K, used 101968K [0x0000000540000000, 0x0000000550500000, 0x00000006eab00000)
  object space 267264K, 38% used [0x0000000540000000,0x00000005463943f8,0x0000000550500000)
 Metaspace       used 39124K, capacity 39839K, committed 40232K, reserved 1083392K
  class space    used 5216K, capacity 5406K, committed 5424K, reserved 1048576K
GC Heap History (10 events):
Event: 7.820 GC heap before
{Heap before GC invocations=10 (full 1):
 PSYoungGen      total 421888K, used 421854K [0x00000006eab00000, 0x000000070e500000, 0x00000007c0000000)
  eden space 407040K, 100% used [0x00000006eab00000,0x0000000703880000,0x0000000703880000)
  from space 14848K, 99% used [0x000000070d680000,0x000000070e4f7a38,0x000000070e500000)
  to   space 49664K, 0% used [0x0000000708400000,0x0000000708400000,0x000000070b480000)
 ParOldGen       total 187392K, used 62206K [0x0000000540000000, 0x000000054b700000, 0x00000006eab00000)
  object space 187392K, 33% used [0x0000000540000000,0x0000000543cbfbc8,0x000000054b700000)
 Metaspace       used 25402K, capacity 26024K, committed 26160K, reserved 1073152K
  class space    used 3098K, capacity 3283K, committed 3376K, reserved 1048576K
Event: 7.839 GC heap after
Heap after GC invocations=10 (full 1):
 PSYoungGen      total 534016K, used 18275K [0x00000006eab00000, 0x0000000711780000, 0x00000007c0000000)
  eden space 484352K, 0% used [0x00000006eab00000,0x00000006eab00000,0x0000000708400000)
  from space 49664K, 36% used [0x0000000708400000,0x00000007095d8f00,0x000000070b480000)
  to   space 48640K, 0% used [0x000000070e800000,0x000000070e800000,0x0000000711780000)
 ParOldGen       total 187392K, used 62214K [0x0000000540000000, 0x000000054b700000, 0x00000006eab00000)
  object space 187392K, 33% used [0x0000000540000000,0x0000000543cc1bc8,0x000000054b700000)
 Metaspace       used 25402K, capacity 26024K, committed 26160K, reserved 1073152K
  class space    used 3098K, capacity 3283K, committed 3376K, reserved 1048576K
}
Event: 9.540 GC heap before
{Heap before GC invocations=11 (full 1):
 PSYoungGen      total 534016K, used 502627K [0x00000006eab00000, 0x0000000711780000, 0x00000007c0000000)
  eden space 484352K, 100% used [0x00000006eab00000,0x0000000708400000,0x0000000708400000)
  from space 49664K, 36% used [0x0000000708400000,0x00000007095d8f00,0x000000070b480000)
  to   space 48640K, 0% used [0x000000070e800000,0x000000070e800000,0x0000000711780000)
 ParOldGen       total 187392K, used 62214K [0x0000000540000000, 0x000000054b700000, 0x00000006eab00000)
  object space 187392K, 33% used [0x0000000540000000,0x0000000543cc1bc8,0x000000054b700000)
 Metaspace       used 28980K, capacity 29570K, committed 29872K, reserved 1075200K
  class space    used 3527K, capacity 3674K, committed 3760K, reserved 1048576K
Event: 9.571 GC heap after
Heap after GC invocations=11 (full 1):
 PSYoungGen      total 587776K, used 28774K [0x00000006eab00000, 0x0000000717100000, 0x00000007c0000000)
  eden space 539136K, 0% used [0x00000006eab00000,0x00000006eab00000,0x000000070b980000)
  from space 48640K, 59% used [0x000000070e800000,0x0000000710419808,0x0000000711780000)
  to   space 47616K, 0% used [0x000000070b980000,0x000000070b980000,0x000000070e800000)
 ParOldGen       total 187392K, used 72200K [0x0000000540000000, 0x000000054b700000, 0x00000006eab00000)
  object space 187392K, 38% used [0x0000000540000000,0x00000005446823d8,0x000000054b700000)
 Metaspace       used 28980K, capacity 29570K, committed 29872K, reserved 1075200K
  class space    used 3527K, capacity 3674K, committed 3760K, reserved 1048576K
}
Event: 11.563 GC heap before
{Heap before GC invocations=12 (full 1):
 PSYoungGen      total 587776K, used 567910K [0x00000006eab00000, 0x0000000717100000, 0x00000007c0000000)
  eden space 539136K, 100% used [0x00000006eab00000,0x000000070b980000,0x000000070b980000)
  from space 48640K, 59% used [0x000000070e800000,0x0000000710419808,0x0000000711780000)
  to   space 47616K, 0% used [0x000000070b980000,0x000000070b980000,0x000000070e800000)
 ParOldGen       total 187392K, used 72200K [0x0000000540000000, 0x000000054b700000, 0x00000006eab00000)
  object space 187392K, 38% used [0x0000000540000000,0x00000005446823d8,0x000000054b700000)
 Metaspace       used 33566K, capacity 34094K, committed 34352K, reserved 1079296K
  class space    used 4403K, capacity 4542K, committed 4656K, reserved 1048576K
Event: 11.607 GC heap after
Heap after GC invocations=12 (full 1):
 PSYoungGen      total 586752K, used 29706K [0x00000006eab00000, 0x000000071b080000, 0x00000007c0000000)
  eden space 539136K, 0% used [0x00000006eab00000,0x00000006eab00000,0x000000070b980000)
  from space 47616K, 62% used [0x000000070b980000,0x000000070d682928,0x000000070e800000)
  to   space 47104K, 0% used [0x0000000718280000,0x0000000718280000,0x000000071b080000)
 ParOldGen       total 187392K, used 77368K [0x0000000540000000, 0x000000054b700000, 0x00000006eab00000)
  object space 187392K, 41% used [0x0000000540000000,0x0000000544b8e218,0x000000054b700000)
 Metaspace       used 33566K, capacity 34094K, committed 34352K, reserved 1079296K
  class space    used 4403K, capacity 4542K, committed 4656K, reserved 1048576K
}
Event: 12.094 GC heap before
{Heap before GC invocations=13 (full 1):
 PSYoungGen      total 586752K, used 147257K [0x00000006eab00000, 0x000000071b080000, 0x00000007c0000000)
  eden space 539136K, 21% used [0x00000006eab00000,0x00000006f1dcbe30,0x000000070b980000)
  from space 47616K, 62% used [0x000000070b980000,0x000000070d682928,0x000000070e800000)
  to   space 47104K, 0% used [0x0000000718280000,0x0000000718280000,0x000000071b080000)
 ParOldGen       total 187392K, used 77368K [0x0000000540000000, 0x000000054b700000, 0x00000006eab00000)
  object space 187392K, 41% used [0x0000000540000000,0x0000000544b8e218,0x000000054b700000)
 Metaspace       used 34654K, capacity 35278K, committed 35496K, reserved 1079296K
  class space    used 4617K, capacity 4766K, committed 4784K, reserved 1048576K
Event: 12.123 GC heap after
Heap after GC invocations=13 (full 1):
 PSYoungGen      total 744960K, used 12135K [0x00000006eab00000, 0x000000071c400000, 0x00000007c0000000)
  eden space 697856K, 0% used [0x00000006eab00000,0x00000006eab00000,0x0000000715480000)
  from space 47104K, 25% used [0x0000000718280000,0x0000000718e59c30,0x000000071b080000)
  to   space 47104K, 0% used [0x0000000715480000,0x0000000715480000,0x0000000718280000)
 ParOldGen       total 187392K, used 97214K [0x0000000540000000, 0x000000054b700000, 0x00000006eab00000)
  object space 187392K, 51% used [0x0000000540000000,0x0000000545eefb20,0x000000054b700000)
 Metaspace       used 34654K, capacity 35278K, committed 35496K, reserved 1079296K
  class space    used 4617K, capacity 4766K, committed 4784K, reserved 1048576K
}
Event: 12.124 GC heap before
{Heap before GC invocations=14 (full 2):
 PSYoungGen      total 744960K, used 12135K [0x00000006eab00000, 0x000000071c400000, 0x00000007c0000000)
  eden space 697856K, 0% used [0x00000006eab00000,0x00000006eab00000,0x0000000715480000)
  from space 47104K, 25% used [0x0000000718280000,0x0000000718e59c30,0x000000071b080000)
  to   space 47104K, 0% used [0x0000000715480000,0x0000000715480000,0x0000000718280000)
 ParOldGen       total 187392K, used 97214K [0x0000000540000000, 0x000000054b700000, 0x00000006eab00000)
  object space 187392K, 51% used [0x0000000540000000,0x0000000545eefb20,0x000000054b700000)
 Metaspace       used 34654K, capacity 35278K, committed 35496K, reserved 1079296K
  class space    used 4617K, capacity 4766K, committed 4784K, reserved 1048576K
Event: 12.361 GC heap after
Heap after GC invocations=14 (full 2):
 PSYoungGen      total 744960K, used 0K [0x00000006eab00000, 0x000000071c400000, 0x00000007c0000000)
  eden space 697856K, 0% used [0x00000006eab00000,0x00000006eab00000,0x0000000715480000)
  from space 47104K, 0% used [0x0000000718280000,0x0000000718280000,0x000000071b080000)
  to   space 47104K, 0% used [0x0000000715480000,0x0000000715480000,0x0000000718280000)
 ParOldGen       total 267264K, used 101968K [0x0000000540000000, 0x0000000550500000, 0x00000006eab00000)
  object space 267264K, 38% used [0x0000000540000000,0x00000005463943f8,0x0000000550500000)
 Metaspace       used 34654K, capacity 35278K, committed 35496K, reserved 1079296K
  class space    used 4617K, capacity 4766K, committed 4784K, reserved 1048576K
}

